2022-12-25 14:14:31 info:==============================
2022-12-25 14:14:31 info:========ENV:test=======
2022-12-25 14:14:31 info:App is listening on the port 3002
2022-12-25 14:14:31 info:================================
2022-12-25 14:59:26 info:==============================
2022-12-25 14:59:26 info:========ENV:development=======
2022-12-25 14:59:26 info:App is listening on the port 3000
2022-12-25 14:59:26 info:================================
2022-12-25 15:01:15 info:==============================
2022-12-25 15:01:15 info:========ENV:development=======
2022-12-25 15:01:15 info:App is listening on the port 3000
2022-12-25 15:01:15 info:================================
2022-12-25 15:06:03 info:==============================
2022-12-25 15:06:03 info:========ENV:development=======
2022-12-25 15:06:03 info:App is listening on the port 3000
2022-12-25 15:06:03 info:================================
2022-12-25 15:06:48 info:==============================
2022-12-25 15:06:48 info:========ENV:test=======
2022-12-25 15:06:48 info:App is listening on the port 3002
2022-12-25 15:06:48 info:================================
2022-12-25 15:07:05 info:==============================
2022-12-25 15:07:05 info:========ENV:test=======
2022-12-25 15:07:05 info:App is listening on the port 3002
2022-12-25 15:07:05 info:================================
2022-12-25 15:08:16 info:==============================
2022-12-25 15:08:16 info:========ENV:development=======
2022-12-25 15:08:16 info:App is listening on the port 3000
2022-12-25 15:08:16 info:================================
2022-12-25 15:08:35 info:==============================
2022-12-25 15:08:35 info:========ENV:test=======
2022-12-25 15:08:35 info:App is listening on the port 3002
2022-12-25 15:08:35 info:================================
2022-12-25 15:09:21 info:==============================
2022-12-25 15:09:21 info:========ENV:development=======
2022-12-25 15:09:21 info:App is listening on the port 3000
2022-12-25 15:09:21 info:================================
2022-12-25 15:09:21 info:==============================
2022-12-25 15:09:21 info:========ENV:test=======
2022-12-25 15:09:21 info:App is listening on the port 3002
2022-12-25 15:09:21 info:================================
2022-12-25 15:11:12 info:==============================
2022-12-25 15:11:12 info:========ENV:test=======
2022-12-25 15:11:12 info:App is listening on the port 3002
2022-12-25 15:11:12 info:================================
2022-12-25 15:11:53 info:==============================
2022-12-25 15:11:53 info:========ENV:development=======
2022-12-25 15:11:53 info:App is listening on the port 3000
2022-12-25 15:11:53 info:================================
2022-12-25 15:11:53 info:==============================
2022-12-25 15:11:53 info:========ENV:test=======
2022-12-25 15:11:53 info:App is listening on the port 3002
2022-12-25 15:11:53 info:================================
