Arguments: 
  /home/sandbox/.nvm/versions/node/v14.19.3/bin/node /home/sandbox/.nvm/versions/node/v14.19.3/bin/yarn dev

PATH: 
  /home/sandbox/.nvm/versions/node/v14.19.3/bin:/usr/local/bin:/usr/bin:/bin:/usr/local/games:/usr/games

Yarn version: 
  1.22.19

Node version: 
  14.19.3

Platform: 
  linux x64

Trace: 
  SyntaxError: /sandbox/package.json: Unexpected token / in JSON at position 111
      at JSON.parse (<anonymous>)
      at /home/sandbox/.nvm/versions/node/v14.19.3/lib/node_modules/yarn/lib/cli.js:1629:59
      at Generator.next (<anonymous>)
      at step (/home/sandbox/.nvm/versions/node/v14.19.3/lib/node_modules/yarn/lib/cli.js:310:30)
      at /home/sandbox/.nvm/versions/node/v14.19.3/lib/node_modules/yarn/lib/cli.js:321:13

npm manifest: 
  {
    "name": "expres",
    "version": "1.0.0",
    "description": "demo",
    "main": "server.js",
    "scripts": {
      // "dev": "cross-env NODE_ENV=development ts-node-dev --respawn --transpile-only src/index.ts"
    },
    "author": "abir",
    "license": "MIT",
    "dependencies": {
      "@types/config": "3.3.0",
      "@types/express": "4.17.15",
      "@types/node": "18.11.17",
      "config": "3.3.8",
      "cross-env": "7.0.3",
      "dotenv": "16.0.3",
      "express": "4.18.2",
      "ts-node-dev": "2.0.0",
      "typescript": "4.9.4"
    }
  }

yarn manifest: 
  No manifest

Lockfile: 
  No lockfile
